<?xml version="1.0" encoding="UTF-8"?>
<!-- Generated by org.testng.reporters.JUnitReportReporter -->
<testsuite hostname="DESKTOP-M6ACG1T" name="org.mma.training.selenium.MyFirstTestNG" tests="1" failures="0" timestamp="27 Jul 2019 16:12:00 GMT" time="0.007" errors="0">
  <testcase name="searchTestNGInGoogle" time="0.007" classname="org.mma.training.selenium.MyFirstTestNG"/>
</testsuite> <!-- org.mma.training.selenium.MyFirstTestNG -->
